<?xml version="1.0" encoding="UTF-8"?>
<testng-results ignored="0" total="1" passed="1" failed="0" skipped="0">
  <reporter-output>
  </reporter-output>
  <suite started-at="2024-06-04T16:29:38 IST" name="Default suite" finished-at="2024-06-04T16:29:46 IST" duration-ms="7473">
    <groups>
    </groups>
    <test started-at="2024-06-04T16:29:38 IST" name="Default test" finished-at="2024-06-04T16:29:46 IST" duration-ms="7473">
      <class name="jenkinsTest.Jktest001_Test">
        <test-method signature="launch()[pri:0, instance:jenkinsTest.Jktest001_Test@6a400542]" started-at="2024-06-04T16:29:38 IST" name="launch" finished-at="2024-06-04T16:29:46 IST" duration-ms="7445" status="PASS">
          <reporter-output>
          </reporter-output>
        </test-method> <!-- launch -->
      </class> <!-- jenkinsTest.Jktest001_Test -->
    </test> <!-- Default test -->
  </suite> <!-- Default suite -->
</testng-results>
